<?xml version="1.0" encoding="UTF-8"?>
<!-- Generated by org.testng.reporters.JUnitXMLReporter -->
<testsuite hostname="nb-sekh" name="Command line test" tests="5" failures="0" timestamp="28 Jan 2015 17:05:48 GMT" time="0.116" errors="0">
  <testcase name="createFileEmptyName" time="0.011" classname="com.example.CreateFilesTest"/>
  <testcase name="createFileWithAlreadyExistingName" time="0.023" classname="com.example.CreateFilesTest"/>
  <testcase name="createFileWithPermanentName" time="0.001" classname="com.example.CreateFilesTest"/>
  <testcase name="createFileWithRandomName" time="0.004" classname="com.example.CreateFilesTest"/>
  <testcase name="smallTest" time="0.0" classname="com.example.SimpleTest"/>
</testsuite> <!-- Command line test -->
