<?xml version="1.0" encoding="UTF-8"?>
<testng-results skipped="0" failed="0" total="5" passed="5">
  <reporter-output>
  </reporter-output>
  <suite name="Command line suite" duration-ms="116" started-at="2015-01-28T17:05:48Z" finished-at="2015-01-28T17:05:48Z">
    <groups>
    </groups>
    <test name="Command line test" duration-ms="116" started-at="2015-01-28T17:05:48Z" finished-at="2015-01-28T17:05:48Z">
      <class name="com.example.SimpleTest">
        <test-method status="PASS" signature="prepareTestEnvironment()[pri:0, instance:com.example.SimpleTest@39ba5a14]" name="prepareTestEnvironment" is-config="true" duration-ms="0" started-at="2015-01-28T19:05:48Z" finished-at="2015-01-28T19:05:48Z">
          <reporter-output>
          </reporter-output>
        </test-method> <!-- prepareTestEnvironment -->
        <test-method status="PASS" signature="clearTestEnvironment()[pri:0, instance:com.example.SimpleTest@39ba5a14]" name="clearTestEnvironment" is-config="true" duration-ms="0" started-at="2015-01-28T19:05:48Z" finished-at="2015-01-28T19:05:48Z">
          <reporter-output>
          </reporter-output>
        </test-method> <!-- clearTestEnvironment -->
        <test-method status="PASS" signature="smallTest()[pri:0, instance:com.example.SimpleTest@39ba5a14]" name="smallTest" duration-ms="0" started-at="2015-01-28T19:05:48Z" finished-at="2015-01-28T19:05:48Z">
          <reporter-output>
          </reporter-output>
        </test-method> <!-- smallTest -->
      </class> <!-- com.example.SimpleTest -->
      <class name="com.example.CreateFilesTest">
        <test-method status="PASS" signature="prepareTestEnvironment()[pri:0, instance:com.example.CreateFilesTest@48140564]" name="prepareTestEnvironment" is-config="true" duration-ms="39" started-at="2015-01-28T19:05:48Z" finished-at="2015-01-28T19:05:48Z">
          <reporter-output>
          </reporter-output>
        </test-method> <!-- prepareTestEnvironment -->
        <test-method status="PASS" signature="createFileEmptyName()[pri:0, instance:com.example.CreateFilesTest@48140564]" name="createFileEmptyName" duration-ms="11" started-at="2015-01-28T19:05:48Z" finished-at="2015-01-28T19:05:48Z">
          <reporter-output>
          </reporter-output>
        </test-method> <!-- createFileEmptyName -->
        <test-method status="PASS" signature="createFileWithAlreadyExistingName()[pri:0, instance:com.example.CreateFilesTest@48140564]" name="createFileWithAlreadyExistingName" duration-ms="23" started-at="2015-01-28T19:05:48Z" finished-at="2015-01-28T19:05:48Z">
          <reporter-output>
          </reporter-output>
        </test-method> <!-- createFileWithAlreadyExistingName -->
        <test-method status="PASS" signature="createFileWithPermanentName()[pri:0, instance:com.example.CreateFilesTest@48140564]" name="createFileWithPermanentName" duration-ms="1" started-at="2015-01-28T19:05:48Z" finished-at="2015-01-28T19:05:48Z">
          <reporter-output>
          </reporter-output>
        </test-method> <!-- createFileWithPermanentName -->
        <test-method status="PASS" signature="createFileWithRandomName()[pri:0, instance:com.example.CreateFilesTest@48140564]" name="createFileWithRandomName" duration-ms="4" started-at="2015-01-28T19:05:48Z" finished-at="2015-01-28T19:05:48Z">
          <reporter-output>
          </reporter-output>
        </test-method> <!-- createFileWithRandomName -->
        <test-method status="PASS" signature="clearTestEnvironment()[pri:0, instance:com.example.CreateFilesTest@48140564]" name="clearTestEnvironment" is-config="true" duration-ms="0" started-at="2015-01-28T19:05:48Z" finished-at="2015-01-28T19:05:48Z">
          <reporter-output>
          </reporter-output>
        </test-method> <!-- clearTestEnvironment -->
      </class> <!-- com.example.CreateFilesTest -->
    </test> <!-- Command line test -->
  </suite> <!-- Command line suite -->
</testng-results>
